<?xml version="1.0" encoding="UTF-8"?>
<!-- Generated by org.testng.reporters.JUnitReportReporter -->
<testsuite hostname="patil" failures="0" tests="3" name="Test1.Verifyusercanaddadresses" time="2.713" errors="0" timestamp="2022-10-14T16:33:37 IST" skipped="0">
  <testcase classname="Test1.Verifyusercanaddadresses" name="verifyuseropenloginpag" time="0.427"/>
  <system-out/>
  <testcase classname="Test1.Verifyusercanaddadresses" name="verifyadresspageopen" time="1.206"/>
  <system-out/>
  <testcase classname="Test1.Verifyusercanaddadresses" name="verifyadresspageopen" time="1.080"/>
  <system-out/>
</testsuite> <!-- Test1.Verifyusercanaddadresses -->
