<?xml version="1.0" encoding="UTF-8"?>
<!-- Generated by org.testng.reporters.JUnitReportReporter -->
<testsuite hostname="patil" failures="0" tests="4" name="Test1.verifyusercangetlowestpriceproduct" time="8.445" errors="0" timestamp="2022-10-14T16:33:37 IST" skipped="0">
  <testcase classname="Test1.verifyusercangetlowestpriceproduct" name="verifyusercansearchproduct" time="1.619"/>
  <system-out/>
  <testcase classname="Test1.verifyusercangetlowestpriceproduct" name="verifyfindlowestprice" time="6.819"/>
  <system-out/>
  <testcase classname="Test1.verifyusercangetlowestpriceproduct" name="test3" time="0.003"/>
  <system-out/>
  <testcase classname="Test1.verifyusercangetlowestpriceproduct" name="test4" time="0.004"/>
  <system-out/>
</testsuite> <!-- Test1.verifyusercangetlowestpriceproduct -->
